-+-+--+-+--+-+--+-+--+-+-  Starting rclone-dock001-to-dock002_uselog.sh base:rclone-dock001-to-dock002_uselog.sh at  _2022.09.21_16.10.35
/home/albe/tmp
Acquired one-instance-only lock, running the content..
function_one running.
/home/albe/tmp
total 8
drwxrwxr-x  2 albe albe 4096 Jul 28 21:39 .
drwxr-xr-x 24 albe albe 4096 Sep 21 16:10 ..
++ rmdir /crib/log/lockdir_oneinstance_rclone-dock001-to-dock002_uselog.sh
++ echo Finished
Finished
++ sleep 1
+++ date +_%Y.%m.%d_%H.%M.%S
++ echo 'cleanup running at  _2022.09.21_22.51.56'
cleanup running at  _2022.09.21_22.51.56
+++ date +_%Y.%m.%d_%H.%M.%S
++ echo 'cleanup running at  _2022.09.21_22.51.56'
+++ date +_%Y.%m.%d
++ s=16
++ read -rsp 'Wait 16 seconds or press Escape-key or Arrow key to continue...' -t 16 -d $'\E'
rclone-dock001-to-dock002_uselog.sh: line 81: read: read error: 0: Bad file descriptor
++ echo

++ echo

-+-+--+-+--+-+--+-+--+-+-  Starting rclone-dock001-to-dock002_uselog.sh base:rclone-dock001-to-dock002_uselog.sh at  _2022.09.21_22.54.05
/home/albe/tmp
Acquired one-instance-only lock, running the content..
function_one running.
/home/albe/tmp
total 8
drwxrwxr-x  2 albe albe 4096 Jul 28 21:39 .
drwxr-xr-x 24 albe albe 4096 Sep 21 22:54 ..
sending incremental file list
mc_6365_vision/image_data/S1 Inner Rim/20210407/
mc_6365_vision/image_data/S1 Inner Rim/20210407/s1_inner_rim_20210407T032703.png
mc_6365_vision/image_data/S1 Inner Rim/20210407/s1_inner_rim_20210407T032709.png
mc_6365_vision/image_data/S1 Inner Rim/20210407/s1_inner_rim_20210407T032715.png
mc_6365_vision/image_data/S1 Inner Rim/20210407/s1_inner_rim_20210407T032721.png
mc_6365_vision/image_data/S1 Inner Rim/20210407/s1_inner_rim_20210407T032728.png
mc_6365_vision/image_data/S1 Inner Rim/20210407/s1_inner_rim_20210407T032734.png
mc_6365_vision/image_data/S1 Inner Rim/20210407/s1_inner_rim_20210407T032740.png
mc_6365_vision/image_data/S1 Inner Rim/20210407/s1_inner_rim_20210407T032746.png
mc_6365_vision/image_data/S1 Inner Rim/20210407/s1_inner_rim_20210407T032752.png
mc_6365_vision/image_data/S1 Inner Rim/20210407/s1_inner_rim_20210407T032758.png
mc_6365_vision/image_data/S1 Inner Rim/20210407/s1_inner_rim_20210407T032804.png
mc_6365_vision/image_data/S1 Inner Rim/20210407/s1_inner_rim_20210407T032810.png
mc_6365_vision/image_data/S1 Inner Rim/20210407/s1_inner_rim_20210407T032816.png
mc_6365_vision/image_data/S1 Inner Rim/20210407/s1_inner_rim_20210407T032822.png
mc_6365_vision/image_data/S1 Inner Rim/20210407/s1_inner_rim_20210407T032829.png
mc_6365_vision/image_data/S1 Inner Rim/20210407/s1_inner_rim_20210407T032835.png
mc_6365_vision/image_data/S1 Inner Rim/20210407/s1_inner_rim_20210407T032841.png
mc_6365_vision/image_data/S1 Inner Rim/20210407/s1_inner_rim_20210407T032847.png
mc_6365_vision/image_data/S1 Inner Rim/20210407/s1_inner_rim_20210407T032853.png
mc_6365_vision/image_data/S1 Inner Rim/20210407/s1_inner_rim_20210407T032859.png
mc_6365_vision/image_data/S1 Inner Rim/20210407/s1_inner_rim_20210407T032906.png
mc_6365_vision/image_data/S1 Inner Rim/20210407/s1_inner_rim_20210407T032912.png
mc_6365_vision/image_data/S1 Inner Rim/20210407/s1_inner_rim_20210407T032918.png
mc_6365_vision/image_data/S1 Inner Rim/20210407/s1_inner_rim_20210407T032924.png
mc_6365_vision/image_data/S1 Inner Rim/20210407/s1_inner_rim_20210407T032930.png
mc_6365_vision/image_data/S1 Inner Rim/20210407/s1_inner_rim_20210407T032936.png
mc_6365_vision/image_data/S1 Inner Rim/20210407/s1_inner_rim_20210407T032942.png
mc_6365_vision/image_data/S1 Inner Rim/20210407/s1_inner_rim_20210407T032948.png
mc_6365_vision/image_data/S1 Inner Rim/20210407/s1_inner_rim_20210407T032955.png
mc_6365_vision/image_data/S1 Inner Rim/20210407/s1_inner_rim_20210407T033001.png
mc_6365_vision/image_data/S1 Inner Rim/20210407/s1_inner_rim_20210407T033007.png
mc_6365_vision/image_data/S1 Inner Rim/20210407/s1_inner_rim_20210407T033013.png
mc_6365_vision/image_data/S1 Inner Rim/20210407/s1_inner_rim_20210407T033019.png
mc_6365_vision/image_data/S1 Inner Rim/20210407/s1_inner_rim_20210407T033025.png
mc_6365_vision/image_data/S1 Inner Rim/20210407/s1_inner_rim_20210407T033032.png
mc_6365_vision/image_data/S1 Inner Rim/20210407/s1_inner_rim_20210407T033038.png
mc_6365_vision/image_data/S1 Inner Rim/20210407/s1_inner_rim_20210407T033044.png
mc_6365_vision/image_data/S1 Inner Rim/20210407/s1_inner_rim_20210407T033050.png
mc_6365_vision/image_data/S1 Inner Rim/20210407/s1_inner_rim_20210407T033056.png
mc_6365_vision/image_data/S1 Inner Rim/20210407/s1_inner_rim_20210407T033103.png
mc_6365_vision/image_data/S1 Inner Rim/20210407/s1_inner_rim_20210407T033109.png
mc_6365_vision/image_data/S1 Inner Rim/20210407/s1_inner_rim_20210407T033115.png
mc_6365_vision/image_data/S1 Inner Rim/20210407/s1_inner_rim_20210407T033121.png
mc_6365_vision/image_data/S1 Inner Rim/20210407/s1_inner_rim_20210407T033127.png
mc_6365_vision/image_data/S1 Inner Rim/20210407/s1_inner_rim_20210407T033133.png
mc_6365_vision/image_data/S1 Inner Rim/20210407/s1_inner_rim_20210407T033140.png
mc_6365_vision/image_data/S1 Inner Rim/20210407/s1_inner_rim_20210407T033146.png
mc_6365_vision/image_data/S1 Inner Rim/20210407/s1_inner_rim_20210407T033152.png
mc_6365_vision/image_data/S1 Inner Rim/20210407/s1_inner_rim_20210407T033158.png
mc_6365_vision/image_data/S1 Inner Rim/20210407/s1_inner_rim_20210407T033204.png
mc_6365_vision/image_data/S1 Inner Rim/20210407/s1_inner_rim_20210407T033211.png
mc_6365_vision/image_data/S1 Inner Rim/20210407/s1_inner_rim_20210407T033217.png
mc_6365_vision/image_data/S1 Inner Rim/20210407/s1_inner_rim_20210407T033223.png
mc_6365_vision/image_data/S1 Inner Rim/20210407/s1_inner_rim_20210407T033229.png
mc_6365_vision/image_data/S1 Inner Rim/20210407/s1_inner_rim_20210407T033236.png
mc_6365_vision/image_data/S1 Inner Rim/20210407/s1_inner_rim_20210407T033242.png
mc_6365_vision/image_data/S1 Inner Rim/20210407/s1_inner_rim_20210407T033248.png
mc_6365_vision/image_data/S1 Inner Rim/20210407/s1_inner_rim_20210407T033254.png
mc_6365_vision/image_data/S1 Inner Rim/20210407/s1_inner_rim_20210407T033301.png
mc_6365_vision/image_data/S1 Inner Rim/20210407/s1_inner_rim_20210407T033307.png
mc_6365_vision/image_data/S1 Inner Rim/20210407/s1_inner_rim_20210407T033313.png
mc_6365_vision/image_data/S1 Inner Rim/20210407/s1_inner_rim_20210407T033319.png
mc_6365_vision/image_data/S1 Inner Rim/20210407/s1_inner_rim_20210407T033326.png
mc_6365_vision/image_data/S1 Inner Rim/20210407/s1_inner_rim_20210407T033332.png
mc_6365_vision/image_data/S1 Inner Rim/20210407/s1_inner_rim_20210407T033338.png
mc_6365_vision/image_data/S1 Inner Rim/20210407/s1_inner_rim_20210407T033344.png
mc_6365_vision/image_data/S1 Inner Rim/20210407/s1_inner_rim_20210407T033351.png
mc_6365_vision/image_data/S1 Inner Rim/20210407/s1_inner_rim_20210407T033357.png
mc_6365_vision/image_data/S1 Inner Rim/20210407/s1_inner_rim_20210407T033403.png
mc_6365_vision/image_data/S1 Inner Rim/20210407/s1_inner_rim_20210407T033409.png
mc_6365_vision/image_data/S1 Inner Rim/20210407/s1_inner_rim_20210407T033416.png
mc_6365_vision/image_data/S1 Inner Rim/20210407/s1_inner_rim_20210407T033422.png
mc_6365_vision/image_data/S1 Inner Rim/20210407/s1_inner_rim_20210407T033428.png
mc_6365_vision/image_data/S1 Inner Rim/20210407/s1_inner_rim_20210407T033434.png
mc_6365_vision/image_data/S1 Inner Rim/20210407/s1_inner_rim_20210407T033441.png
mc_6365_vision/image_data/S1 Inner Rim/20210407/s1_inner_rim_20210407T033447.png
mc_6365_vision/image_data/S1 Inner Rim/20210407/s1_inner_rim_20210407T033453.png
mc_6365_vision/image_data/S1 Inner Rim/20210407/s1_inner_rim_20210407T033459.png
mc_6365_vision/image_data/S1 Inner Rim/20210407/s1_inner_rim_20210407T033506.png
mc_6365_vision/image_data/S1 Inner Rim/20210407/s1_inner_rim_20210407T033512.png
mc_6365_vision/image_data/S1 Inner Rim/20210407/s1_inner_rim_20210407T033518.png
mc_6365_vision/image_data/S1 Inner Rim/20210407/s1_inner_rim_20210407T033524.png
mc_6365_vision/image_data/S1 Inner Rim/20210407/s1_inner_rim_20210407T033531.png
mc_6365_vision/image_data/S1 Inner Rim/20210407/s1_inner_rim_20210407T033537.png
mc_6365_vision/image_data/S1 Inner Rim/20210407/s1_inner_rim_20210407T033543.png
mc_6365_vision/image_data/S1 Inner Rim/20210407/s1_inner_rim_20210407T033549.png
mc_6365_vision/image_data/S1 Inner Rim/20210407/s1_inner_rim_20210407T033556.png
mc_6365_vision/image_data/S1 Inner Rim/20210407/s1_inner_rim_20210407T033602.png
mc_6365_vision/image_data/S1 Inner Rim/20210407/s1_inner_rim_20210407T033608.png
mc_6365_vision/image_data/S1 Inner Rim/20210407/s1_inner_rim_20210407T033614.png
mc_6365_vision/image_data/S1 Inner Rim/20210407/s1_inner_rim_20210407T033620.png
mc_6365_vision/image_data/S1 Inner Rim/20210407/s1_inner_rim_20210407T033627.png
mc_6365_vision/image_data/S1 Inner Rim/20210407/s1_inner_rim_20210407T033633.png
mc_6365_vision/image_data/S1 Inner Rim/20210407/s1_inner_rim_20210407T033639.png
mc_6365_vision/image_data/S1 Inner Rim/20210407/s1_inner_rim_20210407T033645.png
mc_6365_vision/image_data/S1 Inner Rim/20210407/s1_inner_rim_20210407T033651.png
mc_6365_vision/image_data/S1 Inner Rim/20210407/s1_inner_rim_20210407T033658.png
mc_6365_vision/image_data/S1 Inner Rim/20210407/s1_inner_rim_20210407T033704.png
mc_6365_vision/image_data/S1 Inner Rim/20210407/s1_inner_rim_20210407T033710.png
mc_6365_vision/image_data/S1 Inner Rim/20210407/s1_inner_rim_20210407T033716.png
mc_6365_vision/image_data/S1 Inner Rim/20210407/s1_inner_rim_20210407T033723.png
mc_6365_vision/image_data/S1 Inner Rim/20210407/s1_inner_rim_20210407T033729.png
mc_6365_vision/image_data/S1 Inner Rim/20210407/s1_inner_rim_20210407T033735.png
mc_6365_vision/image_data/S1 Inner Rim/20210407/s1_inner_rim_20210407T033741.png
mc_6365_vision/image_data/S1 Inner Rim/20210407/s1_inner_rim_20210407T033748.png
mc_6365_vision/image_data/S1 Inner Rim/20210407/s1_inner_rim_20210407T033754.png
mc_6365_vision/image_data/S1 Inner Rim/20210407/s1_inner_rim_20210407T033800.png
mc_6365_vision/image_data/S1 Inner Rim/20210407/s1_inner_rim_20210407T033806.png
mc_6365_vision/image_data/S1 Inner Rim/20210407/s1_inner_rim_20210407T033813.png
mc_6365_vision/image_data/S1 Inner Rim/20210407/s1_inner_rim_20210407T033819.png
mc_6365_vision/image_data/S1 Inner Rim/20210407/s1_inner_rim_20210407T033825.png
mc_6365_vision/image_data/S1 Inner Rim/20210407/s1_inner_rim_20210407T033831.png
mc_6365_vision/image_data/S1 Inner Rim/20210407/s1_inner_rim_20210407T033838.png
mc_6365_vision/image_data/S1 Inner Rim/20210407/s1_inner_rim_20210407T033844.png
mc_6365_vision/image_data/S1 Inner Rim/20210407/s1_inner_rim_20210407T033850.png
mc_6365_vision/image_data/S1 Inner Rim/20210407/s1_inner_rim_20210407T033856.png
mc_6365_vision/image_data/S1 Inner Rim/20210407/s1_inner_rim_20210407T033902.png
mc_6365_vision/image_data/S1 Inner Rim/20210407/s1_inner_rim_20210407T033909.png
mc_6365_vision/image_data/S1 Inner Rim/20210407/s1_inner_rim_20210407T033915.png
mc_6365_vision/image_data/S1 Inner Rim/20210407/s1_inner_rim_20210407T033921.png
mc_6365_vision/image_data/S1 Inner Rim/20210407/s1_inner_rim_20210407T033927.png
mc_6365_vision/image_data/S1 Inner Rim/20210407/s1_inner_rim_20210407T033934.png
mc_6365_vision/image_data/S1 Inner Rim/20210407/s1_inner_rim_20210407T033940.png
mc_6365_vision/image_data/S1 Inner Rim/20210407/s1_inner_rim_20210407T033946.png
mc_6365_vision/image_data/S1 Inner Rim/20210407/s1_inner_rim_20210407T043304.png
mc_6365_vision/image_data/S1 Inner Rim/20210407/s1_inner_rim_20210407T043310.png
mc_6365_vision/image_data/S1 Inner Rim/20210407/s1_inner_rim_20210407T043316.png
mc_6365_vision/image_data/S1 Inner Rim/20210407/s1_inner_rim_20210407T043323.png
mc_6365_vision/image_data/S1 Inner Rim/20210407/s1_inner_rim_20210407T043329.png
mc_6365_vision/image_data/S1 Inner Rim/20210407/s1_inner_rim_20210407T043335.png
mc_6365_vision/image_data/S1 Inner Rim/20210407/s1_inner_rim_20210407T043341.png
mc_6365_vision/image_data/S1 Inner Rim/20210407/s1_inner_rim_20210407T043352.png
mc_6365_vision/image_data/S1 Inner Rim/20210407/s1_inner_rim_20210407T043358.png
mc_6365_vision/image_data/S1 Inner Rim/20210407/s1_inner_rim_20210407T043404.png
mc_6365_vision/image_data/S1 Inner Rim/20210407/s1_inner_rim_20210407T043411.png
mc_6365_vision/image_data/S1 Inner Rim/20210407/s1_inner_rim_20210407T043423.png
mc_6365_vision/image_data/S1 Inner Rim/20210407/s1_inner_rim_20210407T043429.png
mc_6365_vision/image_data/S1 Inner Rim/20210407/s1_inner_rim_20210407T043435.png
mc_6365_vision/image_data/S1 Inner Rim/20210407/s1_inner_rim_20210407T043441.png
mc_6365_vision/image_data/S1 Inner Rim/20210407/s1_inner_rim_20210407T043448.png
mc_6365_vision/image_data/S1 Inner Rim/20210407/s1_inner_rim_20210407T043454.png
mc_6365_vision/image_data/S1 Inner Rim/20210407/s1_inner_rim_20210407T043500.png
mc_6365_vision/image_data/S1 Inner Rim/20210407/s1_inner_rim_20210407T043506.png
++ rmdir /crib/log/lockdir_oneinstance_rclone-dock001-to-dock002_uselog.sh
++ echo Finished
Finished
++ sleep 1
mc_6365_vision/image_data/S1 Inner Rim/20210407/s1_inner_rim_20210407T043512.png
mc_6365_vision/image_data/S1 Inner Rim/20210407/s1_inner_rim_20210407T043518.png
mc_6365_vision/image_data/S1 Inner Rim/20210407/s1_inner_rim_20210407T043525.png
+++ date +_%Y.%m.%d_%H.%M.%S
++ echo 'cleanup running at  _2022.09.21_23.23.01'
cleanup running at  _2022.09.21_23.23.01
+++ date +_%Y.%m.%d_%H.%M.%S
++ echo 'cleanup running at  _2022.09.21_23.23.01'
+++ date +_%Y.%m.%d
++ s=16
++ read -rsp 'Wait 16 seconds or press Escape-key or Arrow key to continue...' -t 16 -d $'\E'
rclone-dock001-to-dock002_uselog.sh: line 82: read: read error: 0: Bad file descriptor
++ echo

++ echo

mc_6365_vision/image_data/S1 Inner Rim/20210407/s1_inner_rim_20210407T043531.png
mc_6365_vision/image_data/S1 Inner Rim/20210407/s1_inner_rim_20210407T043537.png
mc_6365_vision/image_data/S1 Inner Rim/20210407/s1_inner_rim_20210407T043543.png
mc_6365_vision/image_data/S1 Inner Rim/20210407/s1_inner_rim_20210407T043549.png
mc_6365_vision/image_data/S1 Inner Rim/20210407/s1_inner_rim_20210407T043556.png
mc_6365_vision/image_data/S1 Inner Rim/20210407/s1_inner_rim_20210407T043602.png
mc_6365_vision/image_data/S1 Inner Rim/20210407/s1_inner_rim_20210407T043608.png
mc_6365_vision/image_data/S1 Inner Rim/20210407/s1_inner_rim_20210407T043614.png
mc_6365_vision/image_data/S1 Inner Rim/20210407/s1_inner_rim_20210407T043621.png
mc_6365_vision/image_data/S1 Inner Rim/20210407/s1_inner_rim_20210407T043631.png
mc_6365_vision/image_data/S1 Inner Rim/20210407/s1_inner_rim_20210407T043637.png
mc_6365_vision/image_data/S1 Inner Rim/20210407/s1_inner_rim_20210407T043643.png
mc_6365_vision/image_data/S1 Inner Rim/20210407/s1_inner_rim_20210407T043649.png
mc_6365_vision/image_data/S1 Inner Rim/20210407/s1_inner_rim_20210407T043656.png
mc_6365_vision/image_data/S1 Inner Rim/20210407/s1_inner_rim_20210407T043702.png
mc_6365_vision/image_data/S1 Inner Rim/20210407/s1_inner_rim_20210407T043708.png
mc_6365_vision/image_data/S1 Inner Rim/20210407/s1_inner_rim_20210407T043714.png
mc_6365_vision/image_data/S1 Inner Rim/20210407/s1_inner_rim_20210407T043721.png
mc_6365_vision/image_data/S1 Inner Rim/20210407/s1_inner_rim_20210407T043727.png
mc_6365_vision/image_data/S1 Inner Rim/20210407/s1_inner_rim_20210407T043733.png
mc_6365_vision/image_data/S1 Inner Rim/20210407/s1_inner_rim_20210407T043739.png
mc_6365_vision/image_data/S1 Inner Rim/20210407/s1_inner_rim_20210407T043745.png
mc_6365_vision/image_data/S1 Inner Rim/20210407/s1_inner_rim_20210407T043752.png
mc_6365_vision/image_data/S1 Inner Rim/20210407/s1_inner_rim_20210407T043758.png
mc_6365_vision/image_data/S1 Inner Rim/20210407/s1_inner_rim_20210407T043804.png
mc_6365_vision/image_data/S1 Inner Rim/20210407/s1_inner_rim_20210407T043810.png
mc_6365_vision/image_data/S1 Inner Rim/20210407/s1_inner_rim_20210407T043816.png
mc_6365_vision/image_data/S1 Inner Rim/20210407/s1_inner_rim_20210407T043823.png
mc_6365_vision/image_data/S1 Inner Rim/20210407/s1_inner_rim_20210407T043829.png
mc_6365_vision/image_data/S1 Inner Rim/20210407/s1_inner_rim_20210407T043835.png
mc_6365_vision/image_data/S1 Inner Rim/20210407/s1_inner_rim_20210407T043841.png
mc_6365_vision/image_data/S1 Inner Rim/20210407/s1_inner_rim_20210407T043848.png
mc_6365_vision/image_data/S1 Inner Rim/20210407/s1_inner_rim_20210407T043854.png
mc_6365_vision/image_data/S1 Inner Rim/20210407/s1_inner_rim_20210407T043900.png
mc_6365_vision/image_data/S1 Inner Rim/20210407/s1_inner_rim_20210407T043906.png
mc_6365_vision/image_data/S1 Inner Rim/20210407/s1_inner_rim_20210407T043912.png
mc_6365_vision/image_data/S1 Inner Rim/20210407/s1_inner_rim_20210407T043919.png
mc_6365_vision/image_data/S1 Inner Rim/20210407/s1_inner_rim_20210407T043925.png
mc_6365_vision/image_data/S1 Inner Rim/20210407/s1_inner_rim_20210407T043931.png
mc_6365_vision/image_data/S1 Inner Rim/20210407/s1_inner_rim_20210407T043937.png
mc_6365_vision/image_data/S1 Inner Rim/20210407/s1_inner_rim_20210407T043944.png
mc_6365_vision/image_data/S1 Inner Rim/20210407/s1_inner_rim_20210407T043950.png
mc_6365_vision/image_data/S1 Inner Rim/20210407/s1_inner_rim_20210407T043956.png
mc_6365_vision/image_data/S1 Inner Rim/20210407/s1_inner_rim_20210407T044002.png
mc_6365_vision/image_data/S1 Inner Rim/20210407/s1_inner_rim_20210407T044008.png
mc_6365_vision/image_data/S1 Inner Rim/20210407/s1_inner_rim_20210407T044015.png
mc_6365_vision/image_data/S1 Inner Rim/20210407/s1_inner_rim_20210407T044021.png
mc_6365_vision/image_data/S1 Inner Rim/20210407/s1_inner_rim_20210407T044027.png
mc_6365_vision/image_data/S1 Inner Rim/20210407/s1_inner_rim_20210407T044033.png
mc_6365_vision/image_data/S1 Inner Rim/20210407/s1_inner_rim_20210407T044040.png
mc_6365_vision/image_data/S1 Inner Rim/20210407/s1_inner_rim_20210407T044046.png
mc_6365_vision/image_data/S1 Inner Rim/20210407/s1_inner_rim_20210407T044052.png
mc_6365_vision/image_data/S1 Inner Rim/20210407/s1_inner_rim_20210407T044058.png
mc_6365_vision/image_data/S1 Inner Rim/20210407/s1_inner_rim_20210407T044104.png
mc_6365_vision/image_data/S1 Inner Rim/20210407/s1_inner_rim_20210407T044111.png
mc_6365_vision/image_data/S1 Inner Rim/20210407/s1_inner_rim_20210407T044117.png
mc_6365_vision/image_data/S1 Inner Rim/20210407/s1_inner_rim_20210407T044123.png
mc_6365_vision/image_data/S1 Inner Rim/20210407/s1_inner_rim_20210407T044130.png
mc_6365_vision/image_data/S1 Inner Rim/20210407/s1_inner_rim_20210407T044136.png
mc_6365_vision/image_data/S1 Inner Rim/20210407/s1_inner_rim_20210407T044142.png
mc_6365_vision/image_data/S1 Inner Rim/20210407/s1_inner_rim_20210407T044149.png
mc_6365_vision/image_data/S1 Inner Rim/20210407/s1_inner_rim_20210407T044155.png
mc_6365_vision/image_data/S1 Inner Rim/20210407/s1_inner_rim_20210407T044201.png
mc_6365_vision/image_data/S1 Inner Rim/20210407/s1_inner_rim_20210407T044207.png
mc_6365_vision/image_data/S1 Inner Rim/20210407/s1_inner_rim_20210407T044213.png
mc_6365_vision/image_data/S1 Inner Rim/20210407/s1_inner_rim_20210407T044220.png
mc_6365_vision/image_data/S1 Inner Rim/20210407/s1_inner_rim_20210407T044226.png
mc_6365_vision/image_data/S1 Inner Rim/20210407/s1_inner_rim_20210407T044232.png
mc_6365_vision/image_data/S1 Inner Rim/20210407/s1_inner_rim_20210407T044238.png
mc_6365_vision/image_data/S1 Inner Rim/20210407/s1_inner_rim_20210407T044245.png
mc_6365_vision/image_data/S1 Inner Rim/20210407/s1_inner_rim_20210407T044251.png
mc_6365_vision/image_data/S1 Inner Rim/20210407/s1_inner_rim_20210407T044257.png
mc_6365_vision/image_data/S1 Inner Rim/20210407/s1_inner_rim_20210407T044303.png
mc_6365_vision/image_data/S1 Inner Rim/20210407/s1_inner_rim_20210407T044309.png
mc_6365_vision/image_data/S1 Inner Rim/20210407/s1_inner_rim_20210407T044315.png
mc_6365_vision/image_data/S1 Inner Rim/20210407/s1_inner_rim_20210407T044322.png
mc_6365_vision/image_data/S1 Inner Rim/20210407/s1_inner_rim_20210407T044328.png
mc_6365_vision/image_data/S1 Inner Rim/20210407/s1_inner_rim_20210407T044334.png
mc_6365_vision/image_data/S1 Inner Rim/20210407/s1_inner_rim_20210407T044340.png
mc_6365_vision/image_data/S1 Inner Rim/20210407/s1_inner_rim_20210407T044347.png
mc_6365_vision/image_data/S1 Inner Rim/20210407/s1_inner_rim_20210407T044353.png
mc_6365_vision/image_data/S1 Inner Rim/20210407/s1_inner_rim_20210407T044359.png
mc_6365_vision/image_data/S1 Inner Rim/20210407/s1_inner_rim_20210407T044406.png
mc_6365_vision/image_data/S1 Inner Rim/20210407/s1_inner_rim_20210407T044412.png
mc_6365_vision/image_data/S1 Inner Rim/20210407/s1_inner_rim_20210407T044418.png
mc_6365_vision/image_data/S1 Inner Rim/20210407/s1_inner_rim_20210407T044424.png
mc_6365_vision/image_data/S1 Inner Rim/20210407/s1_inner_rim_20210407T044430.png
mc_6365_vision/image_data/S1 Inner Rim/20210407/s1_inner_rim_20210407T044437.png
mc_6365_vision/image_data/S1 Inner Rim/20210407/s1_inner_rim_20210407T044443.png
mc_6365_vision/image_data/S1 Inner Rim/20210407/s1_inner_rim_20210407T044449.png
mc_6365_vision/image_data/S1 Inner Rim/20210407/s1_inner_rim_20210407T044455.png
mc_6365_vision/image_data/S1 Inner Rim/20210407/s1_inner_rim_20210407T044502.png
mc_6365_vision/image_data/S1 Inner Rim/20210407/s1_inner_rim_20210407T044508.png
mc_6365_vision/image_data/S1 Inner Rim/20210407/s1_inner_rim_20210407T044514.png
mc_6365_vision/image_data/S1 Inner Rim/20210407/s1_inner_rim_20210407T044520.png
mc_6365_vision/image_data/S1 Inner Rim/20210407/s1_inner_rim_20210407T044527.png
mc_6365_vision/image_data/S1 Inner Rim/20210407/s1_inner_rim_20210407T044533.png
mc_6365_vision/image_data/S1 Inner Rim/20210407/s1_inner_rim_20210407T044539.png
mc_6365_vision/image_data/S1 Inner Rim/20210407/s1_inner_rim_20210407T044545.png
mc_6365_vision/image_data/S1 Inner Rim/20210407/s1_inner_rim_20210407T044551.png
mc_6365_vision/image_data/S1 Inner Rim/20210407/s1_inner_rim_20210407T044558.png
mc_6365_vision/image_data/S1 Inner Rim/20210407/s1_inner_rim_20210407T044604.png
mc_6365_vision/image_data/S1 Inner Rim/20210407/s1_inner_rim_20210407T044610.png
mc_6365_vision/image_data/S1 Inner Rim/20210407/s1_inner_rim_20210407T044616.png
mc_6365_vision/image_data/S1 Inner Rim/20210407/s1_inner_rim_20210407T044622.png
mc_6365_vision/image_data/S1 Inner Rim/20210407/s1_inner_rim_20210407T044629.png
mc_6365_vision/image_data/S1 Inner Rim/20210407/s1_inner_rim_20210407T044635.png
mc_6365_vision/image_data/S1 Inner Rim/20210407/s1_inner_rim_20210407T044641.png
mc_6365_vision/image_data/S1 Inner Rim/20210407/s1_inner_rim_20210407T044647.png
mc_6365_vision/image_data/S1 Inner Rim/20210407/s1_inner_rim_20210407T044653.png
mc_6365_vision/image_data/S1 Inner Rim/20210407/s1_inner_rim_20210407T044700.png
mc_6365_vision/image_data/S1 Inner Rim/20210407/s1_inner_rim_20210407T044706.png
mc_6365_vision/image_data/S1 Inner Rim/20210407/s1_inner_rim_20210407T044712.png
mc_6365_vision/image_data/S1 Inner Rim/20210407/s1_inner_rim_20210407T044718.png
mc_6365_vision/image_data/S1 Inner Rim/20210407/s1_inner_rim_20210407T044725.png
mc_6365_vision/image_data/S1 Inner Rim/20210407/s1_inner_rim_20210407T044731.png
mc_6365_vision/image_data/S1 Inner Rim/20210407/s1_inner_rim_20210407T044737.png
mc_6365_vision/image_data/S1 Inner Rim/20210407/s1_inner_rim_20210407T044743.png
mc_6365_vision/image_data/S1 Inner Rim/20210407/s1_inner_rim_20210407T044749.png
mc_6365_vision/image_data/S1 Inner Rim/20210407/s1_inner_rim_20210407T044756.png
mc_6365_vision/image_data/S1 Inner Rim/20210407/s1_inner_rim_20210407T044802.png
mc_6365_vision/image_data/S1 Inner Rim/20210407/s1_inner_rim_20210407T044808.png
mc_6365_vision/image_data/S1 Inner Rim/20210407/s1_inner_rim_20210407T044814.png
mc_6365_vision/image_data/S1 Inner Rim/20210407/s1_inner_rim_20210407T044821.png
mc_6365_vision/image_data/S1 Inner Rim/20210407/s1_inner_rim_20210407T044827.png
mc_6365_vision/image_data/S1 Inner Rim/20210407/s1_inner_rim_20210407T044833.png
mc_6365_vision/image_data/S1 Inner Rim/20210407/s1_inner_rim_20210407T044839.png
mc_6365_vision/image_data/S1 Inner Rim/20210407/s1_inner_rim_20210407T044845.png
mc_6365_vision/image_data/S1 Inner Rim/20210407/s1_inner_rim_20210407T044852.png
mc_6365_vision/image_data/S1 Inner Rim/20210407/s1_inner_rim_20210407T044858.png
mc_6365_vision/image_data/S1 Inner Rim/20210407/s1_inner_rim_20210407T044904.png
mc_6365_vision/image_data/S1 Inner Rim/20210407/s1_inner_rim_20210407T044910.png
mc_6365_vision/image_data/S1 Inner Rim/20210407/s1_inner_rim_20210407T044917.png
mc_6365_vision/image_data/S1 Inner Rim/20210407/s1_inner_rim_20210407T044927.png
mc_6365_vision/image_data/S1 Inner Rim/20210407/s1_inner_rim_20210407T044933.png
mc_6365_vision/image_data/S1 Inner Rim/20210407/s1_inner_rim_20210407T044939.png
mc_6365_vision/image_data/S1 Inner Rim/20210407/s1_inner_rim_20210407T044945.png
mc_6365_vision/image_data/S1 Inner Rim/20210407/s1_inner_rim_20210407T044952.png
mc_6365_vision/image_data/S1 Inner Rim/20210407/s1_inner_rim_20210407T044958.png
mc_6365_vision/image_data/S1 Inner Rim/20210407/s1_inner_rim_20210407T045004.png
mc_6365_vision/image_data/S1 Inner Rim/20210407/s1_inner_rim_20210407T045010.png
mc_6365_vision/image_data/S1 Inner Rim/20210407/s1_inner_rim_20210407T045017.png
mc_6365_vision/image_data/S1 Inner Rim/20210407/s1_inner_rim_20210407T045023.png
mc_6365_vision/image_data/S1 Inner Rim/20210407/s1_inner_rim_20210407T045029.png
mc_6365_vision/image_data/S1 Inner Rim/20210407/s1_inner_rim_20210407T045035.png
mc_6365_vision/image_data/S1 Inner Rim/20210407/s1_inner_rim_20210407T045041.png
mc_6365_vision/image_data/S1 Inner Rim/20210407/s1_inner_rim_20210407T045053.png
mc_6365_vision/image_data/S1 Inner Rim/20210407/s1_inner_rim_20210407T045059.png
mc_6365_vision/image_data/S1 Inner Rim/20210407/s1_inner_rim_20210407T045105.png
mc_6365_vision/image_data/S1 Inner Rim/20210407/s1_inner_rim_20210407T045112.png
mc_6365_vision/image_data/S1 Inner Rim/20210407/s1_inner_rim_20210407T045118.png
mc_6365_vision/image_data/S1 Inner Rim/20210407/s1_inner_rim_20210407T045124.png
mc_6365_vision/image_data/S1 Inner Rim/20210407/s1_inner_rim_20210407T045130.png
mc_6365_vision/image_data/S1 Inner Rim/20210407/s1_inner_rim_20210407T045136.png
mc_6365_vision/image_data/S1 Inner Rim/20210407/s1_inner_rim_20210407T045143.png
mc_6365_vision/image_data/S1 Inner Rim/20210407/s1_inner_rim_20210407T045153.png
mc_6365_vision/image_data/S1 Inner Rim/20210407/s1_inner_rim_20210407T045159.png
mc_6365_vision/image_data/S1 Inner Rim/20210407/s1_inner_rim_20210407T045205.png
mc_6365_vision/image_data/S1 Inner Rim/20210407/s1_inner_rim_20210407T045211.png
mc_6365_vision/image_data/S1 Inner Rim/20210407/s1_inner_rim_20210407T045218.png
mc_6365_vision/image_data/S1 Inner Rim/20210407/s1_inner_rim_20210407T045224.png
mc_6365_vision/image_data/S1 Inner Rim/20210407/s1_inner_rim_20210407T045230.png
mc_6365_vision/image_data/S1 Inner Rim/20210407/s1_inner_rim_20210407T045236.png
mc_6365_vision/image_data/S1 Inner Rim/20210407/s1_inner_rim_20210407T045242.png
mc_6365_vision/image_data/S1 Inner Rim/20210407/s1_inner_rim_20210407T045248.png
mc_6365_vision/image_data/S1 Inner Rim/20210407/s1_inner_rim_20210407T045255.png
mc_6365_vision/image_data/S1 Inner Rim/20210407/s1_inner_rim_20210407T045301.png
mc_6365_vision/image_data/S1 Inner Rim/20210407/s1_inner_rim_20210407T045307.png
mc_6365_vision/image_data/S1 Inner Rim/20210407/s1_inner_rim_20210407T045313.png
mc_6365_vision/image_data/S1 Inner Rim/20210407/s1_inner_rim_20210407T045319.png
mc_6365_vision/image_data/S1 Inner Rim/20210407/s1_inner_rim_20210407T045325.png
mc_6365_vision/image_data/S1 Inner Rim/20210407/s1_inner_rim_20210407T045331.png
mc_6365_vision/image_data/S1 Inner Rim/20210407/s1_inner_rim_20210407T045337.png
mc_6365_vision/image_data/S1 Inner Rim/20210407/s1_inner_rim_20210407T045344.png
mc_6365_vision/image_data/S1 Inner Rim/20210407/s1_inner_rim_20210407T045350.png
mc_6365_vision/image_data/S1 Inner Rim/20210407/s1_inner_rim_20210407T045356.png
mc_6365_vision/image_data/S1 Inner Rim/20210407/s1_inner_rim_20210407T045402.png
mc_6365_vision/image_data/S1 Inner Rim/20210407/s1_inner_rim_20210407T045408.png
mc_6365_vision/image_data/S1 Inner Rim/20210407/s1_inner_rim_20210407T045414.png
mc_6365_vision/image_data/S1 Inner Rim/20210407/s1_inner_rim_20210407T045420.png
mc_6365_vision/image_data/S1 Inner Rim/20210407/s1_inner_rim_20210407T045426.png
mc_6365_vision/image_data/S1 Inner Rim/20210407/s1_inner_rim_20210407T045433.png
mc_6365_vision/image_data/S1 Inner Rim/20210407/s1_inner_rim_20210407T045439.png
mc_6365_vision/image_data/S1 Inner Rim/20210407/s1_inner_rim_20210407T045445.png
mc_6365_vision/image_data/S1 Inner Rim/20210407/s1_inner_rim_20210407T045451.png
mc_6365_vision/image_data/S1 Inner Rim/20210407/s1_inner_rim_20210407T045457.png
mc_6365_vision/image_data/S1 Inner Rim/20210407/s1_inner_rim_20210407T045503.png
mc_6365_vision/image_data/S1 Inner Rim/20210407/s1_inner_rim_20210407T045509.png
mc_6365_vision/image_data/S1 Inner Rim/20210407/s1_inner_rim_20210407T045515.png
mc_6365_vision/image_data/S1 Inner Rim/20210407/s1_inner_rim_20210407T045522.png
mc_6365_vision/image_data/S1 Inner Rim/20210407/s1_inner_rim_20210407T045528.png
mc_6365_vision/image_data/S1 Inner Rim/20210407/s1_inner_rim_20210407T045534.png
mc_6365_vision/image_data/S1 Inner Rim/20210407/s1_inner_rim_20210407T045540.png
mc_6365_vision/image_data/S1 Inner Rim/20210407/s1_inner_rim_20210407T045550.png
mc_6365_vision/image_data/S1 Inner Rim/20210407/s1_inner_rim_20210407T045557.png
mc_6365_vision/image_data/S1 Inner Rim/20210407/s1_inner_rim_20210407T045603.png
mc_6365_vision/image_data/S1 Inner Rim/20210407/s1_inner_rim_20210407T045609.png
mc_6365_vision/image_data/S1 Inner Rim/20210407/s1_inner_rim_20210407T045615.png
mc_6365_vision/image_data/S1 Inner Rim/20210407/s1_inner_rim_20210407T045621.png
mc_6365_vision/image_data/S1 Inner Rim/20210407/s1_inner_rim_20210407T045628.png
mc_6365_vision/image_data/S1 Inner Rim/20210407/s1_inner_rim_20210407T045634.png
mc_6365_vision/image_data/S1 Inner Rim/20210407/s1_inner_rim_20210407T045640.png
mc_6365_vision/image_data/S1 Inner Rim/20210407/s1_inner_rim_20210407T045646.png
mc_6365_vision/image_data/S1 Inner Rim/20210407/s1_inner_rim_20210407T045653.png
mc_6365_vision/image_data/S1 Inner Rim/20210407/s1_inner_rim_20210407T045659.png
mc_6365_vision/image_data/S1 Inner Rim/20210407/s1_inner_rim_20210407T045705.png
mc_6365_vision/image_data/S1 Inner Rim/20210407/s1_inner_rim_20210407T045711.png
mc_6365_vision/image_data/S1 Inner Rim/20210407/s1_inner_rim_20210407T045718.png
mc_6365_vision/image_data/S1 Inner Rim/20210407/s1_inner_rim_20210407T045724.png
mc_6365_vision/image_data/S1 Inner Rim/20210407/s1_inner_rim_20210407T045730.png
mc_6365_vision/image_data/S1 Inner Rim/20210407/s1_inner_rim_20210407T045736.png
mc_6365_vision/image_data/S1 Inner Rim/20210407/s1_inner_rim_20210407T045742.png
mc_6365_vision/image_data/S1 Inner Rim/20210407/s1_inner_rim_20210407T045748.png
mc_6365_vision/image_data/S1 Inner Rim/20210407/s1_inner_rim_20210407T045755.png
mc_6365_vision/image_data/S1 Inner Rim/20210407/s1_inner_rim_20210407T045801.png
mc_6365_vision/image_data/S1 Inner Rim/20210407/s1_inner_rim_20210407T045807.png
mc_6365_vision/image_data/S1 Inner Rim/20210407/s1_inner_rim_20210407T045813.png
mc_6365_vision/image_data/S1 Inner Rim/20210407/s1_inner_rim_20210407T045820.png
mc_6365_vision/image_data/S1 Inner Rim/20210407/s1_inner_rim_20210407T045826.png
mc_6365_vision/image_data/S1 Inner Rim/20210407/s1_inner_rim_20210407T045832.png
mc_6365_vision/image_data/S1 Inner Rim/20210407/s1_inner_rim_20210407T045838.png
mc_6365_vision/image_data/S1 Inner Rim/20210407/s1_inner_rim_20210407T045844.png
mc_6365_vision/image_data/S1 Inner Rim/20210407/s1_inner_rim_20210407T045851.png
mc_6365_vision/image_data/S1 Inner Rim/20210407/s1_inner_rim_20210407T045857.png
mc_6365_vision/image_data/S1 Inner Rim/20210407/s1_inner_rim_20210407T045903.png
mc_6365_vision/image_data/S1 Inner Rim/20210407/s1_inner_rim_20210407T045909.png
mc_6365_vision/image_data/S1 Inner Rim/20210407/s1_inner_rim_20210407T045915.png
mc_6365_vision/image_data/S1 Inner Rim/20210407/s1_inner_rim_20210407T045922.png
mc_6365_vision/image_data/S1 Inner Rim/20210407/s1_inner_rim_20210407T045928.png
mc_6365_vision/image_data/S1 Inner Rim/20210407/s1_inner_rim_20210407T045934.png
mc_6365_vision/image_data/S1 Inner Rim/20210407/s1_inner_rim_20210407T045940.png
mc_6365_vision/image_data/S1 Inner Rim/20210407/s1_inner_rim_20210407T045946.png
mc_6365_vision/image_data/S1 Inner Rim/20210407/s1_inner_rim_20210407T045952.png
mc_6365_vision/image_data/S1 Inner Rim/20210407/s1_inner_rim_20210407T045959.png
mc_6365_vision/image_data/S1 Inner Rim/20210407/s1_inner_rim_20210407T050005.png
mc_6365_vision/image_data/S1 Inner Rim/20210407/s1_inner_rim_20210407T050011.png
mc_6365_vision/image_data/S1 Inner Rim/20210407/s1_inner_rim_20210407T050017.png
mc_6365_vision/image_data/S1 Inner Rim/20210407/s1_inner_rim_20210407T050023.png
mc_6365_vision/image_data/S1 Inner Rim/20210407/s1_inner_rim_20210407T050029.png
mc_6365_vision/image_data/S1 Inner Rim/20210407/s1_inner_rim_20210407T050036.png
mc_6365_vision/image_data/S1 Inner Rim/20210407/s1_inner_rim_20210407T050042.png
mc_6365_vision/image_data/S1 Inner Rim/20210407/s1_inner_rim_20210407T050048.png
mc_6365_vision/image_data/S1 Inner Rim/20210407/s1_inner_rim_20210407T050054.png
mc_6365_vision/image_data/S1 Inner Rim/20210407/s1_inner_rim_20210407T050101.png
mc_6365_vision/image_data/S1 Inner Rim/20210407/s1_inner_rim_20210407T050107.png
mc_6365_vision/image_data/S1 Inner Rim/20210407/s1_inner_rim_20210407T050113.png
mc_6365_vision/image_data/S1 Inner Rim/20210407/s1_inner_rim_20210407T050119.png
mc_6365_vision/image_data/S1 Inner Rim/20210407/s1_inner_rim_20210407T050126.png
mc_6365_vision/image_data/S1 Inner Rim/20210407/s1_inner_rim_20210407T050132.png
mc_6365_vision/image_data/S1 Inner Rim/20210407/s1_inner_rim_20210407T050138.png
mc_6365_vision/image_data/S1 Inner Rim/20210407/s1_inner_rim_20210407T050144.png
mc_6365_vision/image_data/S1 Inner Rim/20210407/s1_inner_rim_20210407T050150.png
mc_6365_vision/image_data/S1 Inner Rim/20210407/s1_inner_rim_20210407T050156.png
mc_6365_vision/image_data/S1 Inner Rim/20210407/s1_inner_rim_20210407T050203.png
mc_6365_vision/image_data/S1 Inner Rim/20210407/s1_inner_rim_20210407T050209.png
mc_6365_vision/image_data/S1 Inner Rim/20210407/s1_inner_rim_20210407T050215.png
mc_6365_vision/image_data/S1 Inner Rim/20210407/s1_inner_rim_20210407T050221.png
mc_6365_vision/image_data/S1 Inner Rim/20210407/s1_inner_rim_20210407T050227.png
mc_6365_vision/image_data/S1 Inner Rim/20210407/s1_inner_rim_20210407T050233.png
mc_6365_vision/image_data/S1 Inner Rim/20210407/s1_inner_rim_20210407T050240.png
mc_6365_vision/image_data/S1 Inner Rim/20210407/s1_inner_rim_20210407T050246.png
mc_6365_vision/image_data/S1 Inner Rim/20210407/s1_inner_rim_20210407T050252.png
mc_6365_vision/image_data/S1 Inner Rim/20210407/s1_inner_rim_20210407T050258.png
mc_6365_vision/image_data/S1 Inner Rim/20210407/s1_inner_rim_20210407T050304.png
mc_6365_vision/image_data/S1 Inner Rim/20210407/s1_inner_rim_20210407T050311.png
mc_6365_vision/image_data/S1 Inner Rim/20210407/s1_inner_rim_20210407T050317.png
mc_6365_vision/image_data/S1 Inner Rim/20210407/s1_inner_rim_20210407T050327.png
mc_6365_vision/image_data/S1 Inner Rim/20210407/s1_inner_rim_20210407T050333.png
mc_6365_vision/image_data/S1 Inner Rim/20210407/s1_inner_rim_20210407T050340.png
mc_6365_vision/image_data/S1 Inner Rim/20210407/s1_inner_rim_20210407T050346.png
mc_6365_vision/image_data/S1 Inner Rim/20210407/s1_inner_rim_20210407T050352.png
mc_6365_vision/image_data/S1 Inner Rim/20210407/s1_inner_rim_20210407T050358.png
mc_6365_vision/image_data/S1 Inner Rim/20210407/s1_inner_rim_20210407T050405.png
mc_6365_vision/image_data/S1 Inner Rim/20210407/s1_inner_rim_20210407T050411.png
mc_6365_vision/image_data/S1 Inner Rim/20210407/s1_inner_rim_20210407T050417.png
mc_6365_vision/image_data/S1 Inner Rim/20210407/s1_inner_rim_20210407T050423.png
mc_6365_vision/image_data/S1 Inner Rim/20210407/s1_inner_rim_20210407T050430.png
mc_6365_vision/image_data/S1 Inner Rim/20210407/s1_inner_rim_20210407T050436.png
mc_6365_vision/image_data/S1 Inner Rim/20210407/s1_inner_rim_20210407T050442.png
mc_6365_vision/image_data/S1 Inner Rim/20210407/s1_inner_rim_20210407T050448.png
mc_6365_vision/image_data/S1 Inner Rim/20210407/s1_inner_rim_20210407T050455.png
mc_6365_vision/image_data/S1 Inner Rim/20210407/s1_inner_rim_20210407T050501.png
mc_6365_vision/image_data/S1 Inner Rim/20210407/s1_inner_rim_20210407T050507.png
mc_6365_vision/image_data/S1 Inner Rim/20210407/s1_inner_rim_20210407T050513.png
mc_6365_vision/image_data/S1 Inner Rim/20210407/s1_inner_rim_20210407T050520.png
mc_6365_vision/image_data/S1 Inner Rim/20210407/s1_inner_rim_20210407T050526.png
mc_6365_vision/image_data/S1 Inner Rim/20210407/s1_inner_rim_20210407T050532.png
mc_6365_vision/image_data/S1 Inner Rim/20210407/s1_inner_rim_20210407T050538.png
mc_6365_vision/image_data/S1 Inner Rim/20210407/s1_inner_rim_20210407T050544.png
mc_6365_vision/image_data/S1 Inner Rim/20210407/s1_inner_rim_20210407T050551.png
mc_6365_vision/image_data/S1 Inner Rim/20210407/s1_inner_rim_20210407T050557.png
mc_6365_vision/image_data/S1 Inner Rim/20210407/s1_inner_rim_20210407T050603.png
mc_6365_vision/image_data/S1 Inner Rim/20210407/s1_inner_rim_20210407T050609.png
mc_6365_vision/image_data/S1 Inner Rim/20210407/s1_inner_rim_20210407T050615.png
mc_6365_vision/image_data/S1 Inner Rim/20210407/s1_inner_rim_20210407T050621.png
mc_6365_vision/image_data/S1 Inner Rim/20210407/s1_inner_rim_20210407T050627.png
mc_6365_vision/image_data/S1 Inner Rim/20210407/s1_inner_rim_20210407T050634.png
mc_6365_vision/image_data/S1 Inner Rim/20210407/s1_inner_rim_20210407T050640.png
mc_6365_vision/image_data/S1 Inner Rim/20210407/s1_inner_rim_20210407T050646.png
mc_6365_vision/image_data/S1 Inner Rim/20210407/s1_inner_rim_20210407T050652.png
mc_6365_vision/image_data/S1 Inner Rim/20210407/s1_inner_rim_20210407T050658.png
mc_6365_vision/image_data/S1 Inner Rim/20210407/s1_inner_rim_20210407T050705.png
mc_6365_vision/image_data/S1 Inner Rim/20210407/s1_inner_rim_20210407T050711.png
mc_6365_vision/image_data/S1 Inner Rim/20210407/s1_inner_rim_20210407T050717.png
mc_6365_vision/image_data/S1 Inner Rim/20210407/s1_inner_rim_20210407T050723.png
mc_6365_vision/image_data/S1 Inner Rim/20210407/s1_inner_rim_20210407T050730.png
mc_6365_vision/image_data/S1 Inner Rim/20210407/s1_inner_rim_20210407T050736.png
mc_6365_vision/image_data/S1 Inner Rim/20210407/s1_inner_rim_20210407T050742.png
mc_6365_vision/image_data/S1 Inner Rim/20210407/s1_inner_rim_20210407T050748.png
mc_6365_vision/image_data/S1 Inner Rim/20210407/s1_inner_rim_20210407T050754.png
mc_6365_vision/image_data/S1 Inner Rim/20210407/s1_inner_rim_20210407T050800.png
mc_6365_vision/image_data/S1 Inner Rim/20210407/s1_inner_rim_20210407T050807.png
mc_6365_vision/image_data/S1 Inner Rim/20210407/s1_inner_rim_20210407T050813.png
mc_6365_vision/image_data/S1 Inner Rim/20210407/s1_inner_rim_20210407T050819.png
mc_6365_vision/image_data/S1 Inner Rim/20210407/s1_inner_rim_20210407T050825.png
mc_6365_vision/image_data/S1 Inner Rim/20210407/s1_inner_rim_20210407T050831.png
mc_6365_vision/image_data/S1 Inner Rim/20210407/s1_inner_rim_20210407T050837.png
mc_6365_vision/image_data/S1 Inner Rim/20210407/s1_inner_rim_20210407T050843.png
mc_6365_vision/image_data/S1 Inner Rim/20210407/s1_inner_rim_20210407T050850.png
mc_6365_vision/image_data/S1 Inner Rim/20210407/s1_inner_rim_20210407T050856.png
mc_6365_vision/image_data/S1 Inner Rim/20210407/s1_inner_rim_20210407T050906.png
mc_6365_vision/image_data/S1 Inner Rim/20210407/s1_inner_rim_20210407T050913.png
mc_6365_vision/image_data/S1 Inner Rim/20210407/s1_inner_rim_20210407T050919.png
mc_6365_vision/image_data/S1 Inner Rim/20210407/s1_inner_rim_20210407T050925.png
mc_6365_vision/image_data/S1 Inner Rim/20210407/s1_inner_rim_20210407T050931.png
mc_6365_vision/image_data/S1 Inner Rim/20210407/s1_inner_rim_20210407T050938.png
mc_6365_vision/image_data/S1 Inner Rim/20210407/s1_inner_rim_20210407T050944.png
mc_6365_vision/image_data/S1 Inner Rim/20210407/s1_inner_rim_20210407T050950.png
mc_6365_vision/image_data/S1 Inner Rim/20210407/s1_inner_rim_20210407T050956.png
mc_6365_vision/image_data/S1 Inner Rim/20210407/s1_inner_rim_20210407T051003.png
mc_6365_vision/image_data/S1 Inner Rim/20210407/s1_inner_rim_20210407T051009.png
mc_6365_vision/image_data/S1 Inner Rim/20210407/s1_inner_rim_20210407T051015.png
mc_6365_vision/image_data/S1 Inner Rim/20210407/s1_inner_rim_20210407T051021.png
mc_6365_vision/image_data/S1 Inner Rim/20210407/s1_inner_rim_20210407T051028.png
mc_6365_vision/image_data/S1 Inner Rim/20210407/s1_inner_rim_20210407T051034.png
mc_6365_vision/image_data/S1 Inner Rim/20210407/s1_inner_rim_20210407T051040.png
mc_6365_vision/image_data/S1 Inner Rim/20210407/s1_inner_rim_20210407T051046.png
mc_6365_vision/image_data/S1 Inner Rim/20210407/s1_inner_rim_20210407T051052.png
mc_6365_vision/image_data/S1 Inner Rim/20210407/s1_inner_rim_20210407T051059.png
mc_6365_vision/image_data/S1 Inner Rim/20210407/s1_inner_rim_20210407T051105.png
mc_6365_vision/image_data/S1 Inner Rim/20210407/s1_inner_rim_20210407T051111.png
mc_6365_vision/image_data/S1 Inner Rim/20210407/s1_inner_rim_20210407T051117.png
mc_6365_vision/image_data/S1 Inner Rim/20210407/s1_inner_rim_20210407T051123.png
mc_6365_vision/image_data/S1 Inner Rim/20210407/s1_inner_rim_20210407T051130.png
mc_6365_vision/image_data/S1 Inner Rim/20210407/s1_inner_rim_20210407T051136.png
mc_6365_vision/image_data/S1 Inner Rim/20210407/s1_inner_rim_20210407T051142.png
mc_6365_vision/image_data/S1 Inner Rim/20210407/s1_inner_rim_20210407T051148.png
mc_6365_vision/image_data/S1 Inner Rim/20210407/s1_inner_rim_20210407T051155.png
mc_6365_vision/image_data/S1 Inner Rim/20210407/s1_inner_rim_20210407T051201.png
mc_6365_vision/image_data/S1 Inner Rim/20210407/s1_inner_rim_20210407T051207.png
mc_6365_vision/image_data/S1 Inner Rim/20210407/s1_inner_rim_20210407T051213.png
mc_6365_vision/image_data/S1 Inner Rim/20210407/s1_inner_rim_20210407T051220.png
mc_6365_vision/image_data/S1 Inner Rim/20210407/s1_inner_rim_20210407T051231.png
mc_6365_vision/image_data/S1 Inner Rim/20210407/s1_inner_rim_20210407T051237.png
mc_6365_vision/image_data/S1 Inner Rim/20210407/s1_inner_rim_20210407T051244.png
mc_6365_vision/image_data/S1 Inner Rim/20210407/s1_inner_rim_20210407T051250.png
mc_6365_vision/image_data/S1 Inner Rim/20210407/s1_inner_rim_20210407T051256.png
mc_6365_vision/image_data/S1 Inner Rim/20210407/s1_inner_rim_20210407T051302.png
mc_6365_vision/image_data/S1 Inner Rim/20210407/s1_inner_rim_20210407T051308.png
mc_6365_vision/image_data/S1 Inner Rim/20210407/s1_inner_rim_20210407T051315.png
mc_6365_vision/image_data/S1 Inner Rim/20210407/s1_inner_rim_20210407T051321.png
mc_6365_vision/image_data/S1 Inner Rim/20210407/s1_inner_rim_20210407T051327.png
mc_6365_vision/image_data/S1 Inner Rim/20210407/s1_inner_rim_20210407T051333.png
mc_6365_vision/image_data/S1 Inner Rim/20210407/s1_inner_rim_20210407T051340.png
mc_6365_vision/image_data/S1 Inner Rim/20210407/s1_inner_rim_20210407T051346.png
mc_6365_vision/image_data/S1 Inner Rim/20210407/s1_inner_rim_20210407T051352.png
mc_6365_vision/image_data/S1 Inner Rim/20210407/s1_inner_rim_20210407T051358.png
mc_6365_vision/image_data/S1 Inner Rim/20210407/s1_inner_rim_20210407T051405.png
mc_6365_vision/image_data/S1 Inner Rim/20210407/s1_inner_rim_20210407T051411.png
mc_6365_vision/image_data/S1 Inner Rim/20210407/s1_inner_rim_20210407T051417.png
mc_6365_vision/image_data/S1 Inner Rim/20210407/s1_inner_rim_20210407T051423.png
mc_6365_vision/image_data/S1 Inner Rim/20210407/s1_inner_rim_20210407T051430.png
mc_6365_vision/image_data/S1 Inner Rim/20210407/s1_inner_rim_20210407T051436.png
mc_6365_vision/image_data/S1 Inner Rim/20210407/s1_inner_rim_20210407T051442.png
mc_6365_vision/image_data/S1 Inner Rim/20210407/s1_inner_rim_20210407T051448.png
mc_6365_vision/image_data/S1 Inner Rim/20210407/s1_inner_rim_20210407T051455.png
mc_6365_vision/image_data/S1 Inner Rim/20210407/s1_inner_rim_20210407T051501.png
mc_6365_vision/image_data/S1 Inner Rim/20210407/s1_inner_rim_20210407T051507.png
mc_6365_vision/image_data/S1 Inner Rim/20210407/s1_inner_rim_20210407T051513.png
mc_6365_vision/image_data/S1 Inner Rim/20210407/s1_inner_rim_20210407T051520.png
mc_6365_vision/image_data/S1 Inner Rim/20210407/s1_inner_rim_20210407T051526.png
mc_6365_vision/image_data/S1 Inner Rim/20210407/s1_inner_rim_20210407T051532.png
mc_6365_vision/image_data/S1 Inner Rim/20210407/s1_inner_rim_20210407T051538.png
mc_6365_vision/image_data/S1 Inner Rim/20210407/s1_inner_rim_20210407T051544.png
mc_6365_vision/image_data/S1 Inner Rim/20210407/s1_inner_rim_20210407T051551.png
mc_6365_vision/image_data/S1 Inner Rim/20210407/s1_inner_rim_20210407T051557.png
mc_6365_vision/image_data/S1 Inner Rim/20210407/s1_inner_rim_20210407T051603.png
mc_6365_vision/image_data/S1 Inner Rim/20210407/s1_inner_rim_20210407T051609.png
mc_6365_vision/image_data/S1 Inner Rim/20210407/s1_inner_rim_20210407T051615.png
mc_6365_vision/image_data/S1 Inner Rim/20210407/s1_inner_rim_20210407T051622.png
mc_6365_vision/image_data/S1 Inner Rim/20210407/s1_inner_rim_20210407T051628.png
mc_6365_vision/image_data/S1 Inner Rim/20210407/s1_inner_rim_20210407T051634.png
mc_6365_vision/image_data/S1 Inner Rim/20210407/s1_inner_rim_20210407T051640.png
mc_6365_vision/image_data/S1 Inner Rim/20210407/s1_inner_rim_20210407T051647.png
mc_6365_vision/image_data/S1 Inner Rim/20210407/s1_inner_rim_20210407T051653.png
mc_6365_vision/image_data/S1 Inner Rim/20210407/s1_inner_rim_20210407T051659.png
mc_6365_vision/image_data/S1 Inner Rim/20210407/s1_inner_rim_20210407T051705.png
mc_6365_vision/image_data/S1 Inner Rim/20210407/s1_inner_rim_20210407T051712.png
mc_6365_vision/image_data/S1 Inner Rim/20210407/s1_inner_rim_20210407T051718.png
mc_6365_vision/image_data/S1 Inner Rim/20210407/s1_inner_rim_20210407T051730.png
mc_6365_vision/image_data/S1 Inner Rim/20210407/s1_inner_rim_20210407T051736.png
mc_6365_vision/image_data/S1 Inner Rim/20210407/s1_inner_rim_20210407T051746.png
mc_6365_vision/image_data/S1 Inner Rim/20210407/s1_inner_rim_20210407T051752.png
mc_6365_vision/image_data/S1 Inner Rim/20210407/s1_inner_rim_20210407T051759.png
mc_6365_vision/image_data/S1 Inner Rim/20210407/s1_inner_rim_20210407T051805.png
mc_6365_vision/image_data/S1 Inner Rim/20210407/s1_inner_rim_20210407T051811.png
mc_6365_vision/image_data/S1 Inner Rim/20210407/s1_inner_rim_20210407T051817.png
mc_6365_vision/image_data/S1 Inner Rim/20210407/s1_inner_rim_20210407T051824.png
mc_6365_vision/image_data/S1 Inner Rim/20210407/s1_inner_rim_20210407T051830.png
mc_6365_vision/image_data/S1 Inner Rim/20210407/s1_inner_rim_20210407T051836.png
mc_6365_vision/image_data/S1 Inner Rim/20210407/s1_inner_rim_20210407T051842.png
mc_6365_vision/image_data/S1 Inner Rim/20210407/s1_inner_rim_20210407T051848.png
mc_6365_vision/image_data/S1 Inner Rim/20210407/s1_inner_rim_20210407T051855.png
mc_6365_vision/image_data/S1 Inner Rim/20210407/s1_inner_rim_20210407T051901.png
mc_6365_vision/image_data/S1 Inner Rim/20210407/s1_inner_rim_20210407T051907.png
mc_6365_vision/image_data/S1 Inner Rim/20210407/s1_inner_rim_20210407T051913.png
mc_6365_vision/image_data/S1 Inner Rim/20210407/s1_inner_rim_20210407T051919.png
mc_6365_vision/image_data/S1 Inner Rim/20210407/s1_inner_rim_20210407T051925.png
mc_6365_vision/image_data/S1 Inner Rim/20210407/s1_inner_rim_20210407T051931.png
mc_6365_vision/image_data/S1 Inner Rim/20210407/s1_inner_rim_20210407T051938.png
mc_6365_vision/image_data/S1 Inner Rim/20210407/s1_inner_rim_20210407T051944.png
mc_6365_vision/image_data/S1 Inner Rim/20210407/s1_inner_rim_20210407T051950.png
mc_6365_vision/image_data/S1 Inner Rim/20210407/s1_inner_rim_20210407T051956.png
mc_6365_vision/image_data/S1 Inner Rim/20210407/s1_inner_rim_20210407T052002.png
mc_6365_vision/image_data/S1 Inner Rim/20210407/s1_inner_rim_20210407T052008.png
mc_6365_vision/image_data/S1 Inner Rim/20210407/s1_inner_rim_20210407T052014.png
mc_6365_vision/image_data/S1 Inner Rim/20210407/s1_inner_rim_20210407T052021.png
mc_6365_vision/image_data/S1 Inner Rim/20210407/s1_inner_rim_20210407T052027.png
mc_6365_vision/image_data/S1 Inner Rim/20210407/s1_inner_rim_20210407T052033.png
mc_6365_vision/image_data/S1 Inner Rim/20210407/s1_inner_rim_20210407T052039.png
mc_6365_vision/image_data/S1 Inner Rim/20210407/s1_inner_rim_20210407T052046.png
mc_6365_vision/image_data/S1 Inner Rim/20210407/s1_inner_rim_20210407T052052.png
mc_6365_vision/image_data/S1 Inner Rim/20210407/s1_inner_rim_20210407T052058.png
mc_6365_vision/image_data/S1 Inner Rim/20210407/s1_inner_rim_20210407T052104.png
mc_6365_vision/image_data/S1 Inner Rim/20210407/s1_inner_rim_20210407T052110.png
mc_6365_vision/image_data/S1 Inner Rim/20210407/s1_inner_rim_20210407T052116.png
mc_6365_vision/image_data/S1 Inner Rim/20210407/s1_inner_rim_20210407T052123.png
mc_6365_vision/image_data/S1 Inner Rim/20210407/s1_inner_rim_20210407T052129.png
mc_6365_vision/image_data/S1 Inner Rim/20210407/s1_inner_rim_20210407T052135.png
mc_6365_vision/image_data/S1 Inner Rim/20210407/s1_inner_rim_20210407T052141.png
mc_6365_vision/image_data/S1 Inner Rim/20210407/s1_inner_rim_20210407T052148.png
mc_6365_vision/image_data/S1 Inner Rim/20210407/s1_inner_rim_20210407T052154.png
mc_6365_vision/image_data/S1 Inner Rim/20210407/s1_inner_rim_20210407T052200.png
mc_6365_vision/image_data/S1 Inner Rim/20210407/s1_inner_rim_20210407T052206.png
mc_6365_vision/image_data/S1 Inner Rim/20210407/s1_inner_rim_20210407T052212.png
mc_6365_vision/image_data/S1 Inner Rim/20210407/s1_inner_rim_20210407T052219.png
mc_6365_vision/image_data/S1 Inner Rim/20210407/s1_inner_rim_20210407T052225.png
mc_6365_vision/image_data/S1 Inner Rim/20210407/s1_inner_rim_20210407T052231.png
mc_6365_vision/image_data/S1 Inner Rim/20210407/s1_inner_rim_20210407T052237.png
mc_6365_vision/image_data/S1 Inner Rim/20210407/s1_inner_rim_20210407T052243.png
mc_6365_vision/image_data/S1 Inner Rim/20210407/s1_inner_rim_20210407T052250.png
mc_6365_vision/image_data/S1 Inner Rim/20210407/s1_inner_rim_20210407T052256.png
mc_6365_vision/image_data/S1 Inner Rim/20210407/s1_inner_rim_20210407T052302.png
mc_6365_vision/image_data/S1 Inner Rim/20210407/s1_inner_rim_20210407T052308.png
mc_6365_vision/image_data/S1 Inner Rim/20210407/s1_inner_rim_20210407T052315.png
mc_6365_vision/image_data/S1 Inner Rim/20210407/s1_inner_rim_20210407T052321.png
mc_6365_vision/image_data/S1 Inner Rim/20210407/s1_inner_rim_20210407T052327.png
mc_6365_vision/image_data/S1 Inner Rim/20210407/s1_inner_rim_20210407T052333.png
mc_6365_vision/image_data/S1 Inner Rim/20210407/s1_inner_rim_20210407T052340.png
mc_6365_vision/image_data/S1 Inner Rim/20210407/s1_inner_rim_20210407T052346.png
mc_6365_vision/image_data/S1 Inner Rim/20210407/s1_inner_rim_20210407T052352.png
mc_6365_vision/image_data/S1 Inner Rim/20210407/s1_inner_rim_20210407T052358.png
mc_6365_vision/image_data/S1 Inner Rim/20210407/s1_inner_rim_20210407T052405.png
mc_6365_vision/image_data/S1 Inner Rim/20210407/s1_inner_rim_20210407T052411.png
mc_6365_vision/image_data/S1 Inner Rim/20210407/s1_inner_rim_20210407T052417.png
mc_6365_vision/image_data/S1 Inner Rim/20210407/s1_inner_rim_20210407T052423.png
mc_6365_vision/image_data/S1 Inner Rim/20210407/s1_inner_rim_20210407T052429.png
mc_6365_vision/image_data/S1 Inner Rim/20210407/s1_inner_rim_20210407T052436.png
mc_6365_vision/image_data/S1 Inner Rim/20210407/s1_inner_rim_20210407T052442.png
mc_6365_vision/image_data/S1 Inner Rim/20210407/s1_inner_rim_20210407T052448.png
mc_6365_vision/image_data/S1 Inner Rim/20210407/s1_inner_rim_20210407T052454.png
mc_6365_vision/image_data/S1 Inner Rim/20210407/s1_inner_rim_20210407T052500.png
mc_6365_vision/image_data/S1 Inner Rim/20210407/s1_inner_rim_20210407T052507.png
mc_6365_vision/image_data/S1 Inner Rim/20210407/s1_inner_rim_20210407T052513.png
mc_6365_vision/image_data/S1 Inner Rim/20210407/s1_inner_rim_20210407T052519.png
mc_6365_vision/image_data/S1 Inner Rim/20210407/s1_inner_rim_20210407T052525.png
mc_6365_vision/image_data/S1 Inner Rim/20210407/s1_inner_rim_20210407T052531.png
mc_6365_vision/image_data/S1 Inner Rim/20210407/s1_inner_rim_20210407T052537.png
mc_6365_vision/image_data/S1 Inner Rim/20210407/s1_inner_rim_20210407T052544.png
mc_6365_vision/image_data/S1 Inner Rim/20210407/s1_inner_rim_20210407T052550.png
mc_6365_vision/image_data/S1 Inner Rim/20210407/s1_inner_rim_20210407T052556.png
mc_6365_vision/image_data/S1 Inner Rim/20210407/s1_inner_rim_20210407T052602.png
mc_6365_vision/image_data/S1 Inner Rim/20210407/s1_inner_rim_20210407T052609.png
mc_6365_vision/image_data/S1 Inner Rim/20210407/s1_inner_rim_20210407T052615.png
mc_6365_vision/image_data/S1 Inner Rim/20210407/s1_inner_rim_20210407T052621.png
mc_6365_vision/image_data/S1 Inner Rim/20210407/s1_inner_rim_20210407T052627.png
mc_6365_vision/image_data/S1 Inner Rim/20210407/s1_inner_rim_20210407T052633.png
mc_6365_vision/image_data/S1 Inner Rim/20210407/s1_inner_rim_20210407T052639.png
mc_6365_vision/image_data/S1 Inner Rim/20210407/s1_inner_rim_20210407T052646.png
mc_6365_vision/image_data/S1 Inner Rim/20210407/s1_inner_rim_20210407T052652.png
mc_6365_vision/image_data/S1 Inner Rim/20210407/s1_inner_rim_20210407T052658.png
mc_6365_vision/image_data/S1 Inner Rim/20210407/s1_inner_rim_20210407T052704.png
mc_6365_vision/image_data/S1 Inner Rim/20210407/s1_inner_rim_20210407T052710.png
mc_6365_vision/image_data/S1 Inner Rim/20210407/s1_inner_rim_20210407T052716.png
mc_6365_vision/image_data/S1 Inner Rim/20210407/s1_inner_rim_20210407T052723.png
mc_6365_vision/image_data/S1 Inner Rim/20210407/s1_inner_rim_20210407T052729.png
mc_6365_vision/image_data/S1 Inner Rim/20210407/s1_inner_rim_20210407T052735.png
mc_6365_vision/image_data/S1 Inner Rim/20210407/s1_inner_rim_20210407T052741.png
mc_6365_vision/image_data/S1 Inner Rim/20210407/s1_inner_rim_20210407T052748.png
mc_6365_vision/image_data/S1 Inner Rim/20210407/s1_inner_rim_20210407T052754.png
mc_6365_vision/image_data/S1 Inner Rim/20210407/s1_inner_rim_20210407T052800.png
mc_6365_vision/image_data/S1 Inner Rim/20210407/s1_inner_rim_20210407T052806.png
mc_6365_vision/image_data/S1 Inner Rim/20210407/s1_inner_rim_20210407T052812.png
mc_6365_vision/image_data/S1 Inner Rim/20210407/s1_inner_rim_20210407T052819.png
mc_6365_vision/image_data/S1 Inner Rim/20210407/s1_inner_rim_20210407T052825.png
mc_6365_vision/image_data/S1 Inner Rim/20210407/s1_inner_rim_20210407T052831.png
mc_6365_vision/image_data/S1 Inner Rim/20210407/s1_inner_rim_20210407T052837.png
mc_6365_vision/image_data/S1 Inner Rim/20210407/s1_inner_rim_20210407T052843.png
mc_6365_vision/image_data/S1 Inner Rim/20210407/s1_inner_rim_20210407T052849.png
mc_6365_vision/image_data/S1 Inner Rim/20210407/s1_inner_rim_20210407T052855.png
mc_6365_vision/image_data/S1 Inner Rim/20210407/s1_inner_rim_20210407T052902.png
mc_6365_vision/image_data/S1 Inner Rim/20210407/s1_inner_rim_20210407T052908.png
mc_6365_vision/image_data/S1 Inner Rim/20210407/s1_inner_rim_20210407T052914.png
mc_6365_vision/image_data/S1 Inner Rim/20210407/s1_inner_rim_20210407T052920.png
mc_6365_vision/image_data/S1 Inner Rim/20210407/s1_inner_rim_20210407T052926.png
mc_6365_vision/image_data/S1 Inner Rim/20210407/s1_inner_rim_20210407T052932.png
mc_6365_vision/image_data/S1 Inner Rim/20210407/s1_inner_rim_20210407T052939.png
mc_6365_vision/image_data/S1 Inner Rim/20210407/s1_inner_rim_20210407T052945.png
mc_6365_vision/image_data/S1 Inner Rim/20210407/s1_inner_rim_20210407T052951.png
mc_6365_vision/image_data/S1 Inner Rim/20210407/s1_inner_rim_20210407T052957.png
mc_6365_vision/image_data/S1 Inner Rim/20210407/s1_inner_rim_20210407T053003.png
mc_6365_vision/image_data/S1 Inner Rim/20210407/s1_inner_rim_20210407T053009.png
mc_6365_vision/image_data/S1 Inner Rim/20210407/s1_inner_rim_20210407T053016.png
mc_6365_vision/image_data/S1 Inner Rim/20210407/s1_inner_rim_20210407T053022.png
mc_6365_vision/image_data/S1 Inner Rim/20210407/s1_inner_rim_20210407T053028.png
mc_6365_vision/image_data/S1 Inner Rim/20210407/s1_inner_rim_20210407T053034.png
mc_6365_vision/image_data/S1 Inner Rim/20210407/s1_inner_rim_20210407T053040.png
mc_6365_vision/image_data/S1 Inner Rim/20210407/s1_inner_rim_20210407T053047.png
mc_6365_vision/image_data/S1 Inner Rim/20210407/s1_inner_rim_20210407T053053.png
mc_6365_vision/image_data/S1 Inner Rim/20210407/s1_inner_rim_20210407T053059.png
mc_6365_vision/image_data/S1 Inner Rim/20210407/s1_inner_rim_20210407T053105.png
mc_6365_vision/image_data/S1 Inner Rim/20210407/s1_inner_rim_20210407T053111.png
mc_6365_vision/image_data/S1 Inner Rim/20210407/s1_inner_rim_20210407T053118.png
mc_6365_vision/image_data/S1 Inner Rim/20210407/s1_inner_rim_20210407T053124.png
mc_6365_vision/image_data/S1 Inner Rim/20210407/s1_inner_rim_20210407T053130.png
mc_6365_vision/image_data/S1 Inner Rim/20210407/s1_inner_rim_20210407T053136.png
mc_6365_vision/image_data/S1 Inner Rim/20210407/s1_inner_rim_20210407T053142.png
mc_6365_vision/image_data/S1 Inner Rim/20210407/s1_inner_rim_20210407T053148.png
mc_6365_vision/image_data/S1 Inner Rim/20210407/s1_inner_rim_20210407T053155.png
mc_6365_vision/image_data/S1 Inner Rim/20210407/s1_inner_rim_20210407T053201.png
mc_6365_vision/image_data/S1 Inner Rim/20210407/s1_inner_rim_20210407T053207.png
mc_6365_vision/image_data/S1 Inner Rim/20210407/s1_inner_rim_20210407T053213.png
mc_6365_vision/image_data/S1 Inner Rim/20210407/s1_inner_rim_20210407T053219.png
mc_6365_vision/image_data/S1 Inner Rim/20210407/s1_inner_rim_20210407T053226.png
mc_6365_vision/image_data/S1 Inner Rim/20210407/s1_inner_rim_20210407T053232.png
mc_6365_vision/image_data/S1 Inner Rim/20210407/s1_inner_rim_20210407T053238.png
mc_6365_vision/image_data/S1 Inner Rim/20210407/s1_inner_rim_20210407T053244.png
mc_6365_vision/image_data/S1 Inner Rim/20210407/s1_inner_rim_20210407T053250.png
mc_6365_vision/image_data/S1 Inner Rim/20210407/s1_inner_rim_20210407T053257.png
mc_6365_vision/image_data/S1 Inner Rim/20210407/s1_inner_rim_20210407T053303.png
mc_6365_vision/image_data/S1 Inner Rim/20210407/s1_inner_rim_20210407T053309.png
mc_6365_vision/image_data/S1 Inner Rim/20210407/s1_inner_rim_20210407T053315.png
mc_6365_vision/image_data/S1 Inner Rim/20210407/s1_inner_rim_20210407T053322.png
mc_6365_vision/image_data/S1 Inner Rim/20210407/s1_inner_rim_20210407T053328.png
mc_6365_vision/image_data/S1 Inner Rim/20210407/s1_inner_rim_20210407T053334.png
mc_6365_vision/image_data/S1 Inner Rim/20210407/s1_inner_rim_20210407T053340.png
mc_6365_vision/image_data/S1 Inner Rim/20210407/s1_inner_rim_20210407T053346.png
mc_6365_vision/image_data/S1 Inner Rim/20210407/s1_inner_rim_20210407T053353.png
mc_6365_vision/image_data/S1 Inner Rim/20210407/s1_inner_rim_20210407T053359.png
mc_6365_vision/image_data/S1 Inner Rim/20210407/s1_inner_rim_20210407T053405.png
mc_6365_vision/image_data/S1 Inner Rim/20210407/s1_inner_rim_20210407T053411.png
mc_6365_vision/image_data/S1 Inner Rim/20210407/s1_inner_rim_20210407T053417.png
mc_6365_vision/image_data/S1 Inner Rim/20210407/s1_inner_rim_20210407T053424.png
mc_6365_vision/image_data/S1 Inner Rim/20210407/s1_inner_rim_20210407T053430.png
mc_6365_vision/image_data/S1 Inner Rim/20210407/s1_inner_rim_20210407T053436.png
mc_6365_vision/image_data/S1 Inner Rim/20210407/s1_inner_rim_20210407T053442.png
mc_6365_vision/image_data/S1 Inner Rim/20210407/s1_inner_rim_20210407T053449.png
mc_6365_vision/image_data/S1 Inner Rim/20210407/s1_inner_rim_20210407T053455.png
mc_6365_vision/image_data/S1 Inner Rim/20210407/s1_inner_rim_20210407T053501.png
mc_6365_vision/image_data/S1 Inner Rim/20210407/s1_inner_rim_20210407T053507.png
mc_6365_vision/image_data/S1 Inner Rim/20210407/s1_inner_rim_20210407T053513.png
mc_6365_vision/image_data/S1 Inner Rim/20210407/s1_inner_rim_20210407T053519.png
mc_6365_vision/image_data/S1 Inner Rim/20210407/s1_inner_rim_20210407T053525.png
mc_6365_vision/image_data/S1 Inner Rim/20210407/s1_inner_rim_20210407T053532.png
mc_6365_vision/image_data/S1 Inner Rim/20210407/s1_inner_rim_20210407T053538.png
mc_6365_vision/image_data/S1 Inner Rim/20210407/s1_inner_rim_20210407T053544.png
mc_6365_vision/image_data/S1 Inner Rim/20210407/s1_inner_rim_20210407T053550.png
mc_6365_vision/image_data/S1 Inner Rim/20210407/s1_inner_rim_20210407T053556.png
mc_6365_vision/image_data/S1 Inner Rim/20210407/s1_inner_rim_20210407T053603.png
mc_6365_vision/image_data/S1 Inner Rim/20210407/s1_inner_rim_20210407T053615.png
mc_6365_vision/image_data/S1 Inner Rim/20210407/s1_inner_rim_20210407T053621.png
mc_6365_vision/image_data/S1 Inner Rim/20210407/s1_inner_rim_20210407T053627.png
mc_6365_vision/image_data/S1 Inner Rim/20210407/s1_inner_rim_20210407T053633.png
mc_6365_vision/image_data/S1 Inner Rim/20210407/s1_inner_rim_20210407T053639.png
mc_6365_vision/image_data/S1 Inner Rim/20210407/s1_inner_rim_20210407T053646.png
mc_6365_vision/image_data/S1 Inner Rim/20210407/s1_inner_rim_20210407T053652.png
mc_6365_vision/image_data/S1 Inner Rim/20210407/s1_inner_rim_20210407T053658.png
mc_6365_vision/image_data/S1 Inner Rim/20210407/s1_inner_rim_20210407T053704.png
mc_6365_vision/image_data/S1 Inner Rim/20210407/s1_inner_rim_20210407T053710.png
mc_6365_vision/image_data/S1 Inner Rim/20210407/s1_inner_rim_20210407T053717.png
mc_6365_vision/image_data/S1 Inner Rim/20210407/s1_inner_rim_20210407T053723.png
mc_6365_vision/image_data/S1 Inner Rim/20210407/s1_inner_rim_20210407T053729.png
mc_6365_vision/image_data/S1 Inner Rim/20210407/s1_inner_rim_20210407T053735.png
mc_6365_vision/image_data/S1 Inner Rim/20210407/s1_inner_rim_20210407T053741.png
mc_6365_vision/image_data/S1 Inner Rim/20210407/s1_inner_rim_20210407T053748.png
mc_6365_vision/image_data/S1 Inner Rim/20210407/s1_inner_rim_20210407T053754.png
mc_6365_vision/image_data/S1 Inner Rim/20210407/s1_inner_rim_20210407T053800.png
mc_6365_vision/image_data/S1 Inner Rim/20210407/s1_inner_rim_20210407T053806.png
mc_6365_vision/image_data/S1 Inner Rim/20210407/s1_inner_rim_20210407T053812.png
mc_6365_vision/image_data/S1 Inner Rim/20210407/s1_inner_rim_20210407T053825.png
mc_6365_vision/image_data/S1 Inner Rim/20210407/s1_inner_rim_20210407T053831.png
mc_6365_vision/image_data/S1 Inner Rim/20210407/s1_inner_rim_20210407T053837.png
mc_6365_vision/image_data/S1 Inner Rim/20210407/s1_inner_rim_20210407T053843.png
mc_6365_vision/image_data/S1 Inner Rim/20210407/s1_inner_rim_20210407T053849.png
mc_6365_vision/image_data/S1 Inner Rim/20210407/s1_inner_rim_20210407T053856.png
mc_6365_vision/image_data/S1 Inner Rim/20210407/s1_inner_rim_20210407T053902.png
mc_6365_vision/image_data/S1 Inner Rim/20210407/s1_inner_rim_20210407T053908.png
mc_6365_vision/image_data/S1 Inner Rim/20210407/s1_inner_rim_20210407T053914.png
mc_6365_vision/image_data/S1 Inner Rim/20210407/s1_inner_rim_20210407T053920.png
mc_6365_vision/image_data/S1 Inner Rim/20210407/s1_inner_rim_20210407T053926.png
mc_6365_vision/image_data/S1 Inner Rim/20210407/s1_inner_rim_20210407T053933.png
mc_6365_vision/image_data/S1 Inner Rim/20210407/s1_inner_rim_20210407T053939.png
mc_6365_vision/image_data/S1 Inner Rim/20210407/s1_inner_rim_20210407T053945.png
mc_6365_vision/image_data/S1 Inner Rim/20210407/s1_inner_rim_20210407T053951.png
mc_6365_vision/image_data/S1 Inner Rim/20210407/s1_inner_rim_20210407T053958.png
mc_6365_vision/image_data/S1 Inner Rim/20210407/s1_inner_rim_20210407T054004.png
mc_6365_vision/image_data/S1 Inner Rim/20210407/s1_inner_rim_20210407T054010.png
mc_6365_vision/image_data/S1 Inner Rim/20210407/s1_inner_rim_20210407T054016.png
mc_6365_vision/image_data/S1 Inner Rim/20210407/s1_inner_rim_20210407T054023.png
mc_6365_vision/image_data/S1 Inner Rim/20210407/s1_inner_rim_20210407T054029.png
mc_6365_vision/image_data/S1 Inner Rim/20210407/s1_inner_rim_20210407T054035.png
mc_6365_vision/image_data/S1 Inner Rim/20210407/s1_inner_rim_20210407T054041.png
mc_6365_vision/image_data/S1 Inner Rim/20210407/s1_inner_rim_20210407T054047.png
mc_6365_vision/image_data/S1 Inner Rim/20210407/s1_inner_rim_20210407T054053.png
mc_6365_vision/image_data/S1 Inner Rim/20210407/s1_inner_rim_20210407T054100.png
mc_6365_vision/image_data/S1 Inner Rim/20210407/s1_inner_rim_20210407T054106.png
mc_6365_vision/image_data/S1 Inner Rim/20210407/s1_inner_rim_20210407T054112.png
mc_6365_vision/image_data/S1 Inner Rim/20210407/s1_inner_rim_20210407T054118.png
mc_6365_vision/image_data/S1 Inner Rim/20210407/s1_inner_rim_20210407T054125.png
mc_6365_vision/image_data/S1 Inner Rim/20210407/s1_inner_rim_20210407T054131.png
mc_6365_vision/image_data/S1 Inner Rim/20210407/s1_inner_rim_20210407T054137.png
mc_6365_vision/image_data/S1 Inner Rim/20210407/s1_inner_rim_20210407T054143.png
mc_6365_vision/image_data/S1 Inner Rim/20210407/s1_inner_rim_20210407T054149.png
mc_6365_vision/image_data/S1 Inner Rim/20210407/s1_inner_rim_20210407T054155.png
mc_6365_vision/image_data/S1 Inner Rim/20210407/s1_inner_rim_20210407T054202.png
mc_6365_vision/image_data/S1 Inner Rim/20210407/s1_inner_rim_20210407T054208.png
mc_6365_vision/image_data/S1 Inner Rim/20210407/s1_inner_rim_20210407T054214.png
rsync error: received SIGINT, SIGTERM, or SIGHUP (code 20) at rsync.c(644) [sender=3.1.3]
